# JRE version: OpenJDK Runtime Environment (11.0.13) (build 11.0.13+0-b1751.21-8125866)
# Java VM: OpenJDK 64-Bit Server VM (11.0.13+0-b1751.21-8125866, mixed mode, tiered, compressed oops, g1 gc, windows-amd64)
Heap:
 garbage-first heap   total 272384K, used 201418K [0x0000000080000000, 0x0000000100000000)
  region size 1024K, 27 young (27648K), 2 survivors (2048K)
 Metaspace       used 144034K, capacity 148330K, committed 149876K, reserved 1179648K
  class space    used 18058K, capacity 19668K, committed 20224K, reserved 1048576K
GC Heap History (20 events):
Event: 3593.545 GC heap before
{Heap before GC invocations=97 (full 0):
 garbage-first heap   total 272384K, used 210389K [0x0000000080000000, 0x0000000100000000)
  region size 1024K, 30 young (30720K), 2 survivors (2048K)
 Metaspace       used 124066K, capacity 127816K, committed 128116K, reserved 1161216K
  class space    used 15220K, capacity 16538K, committed 16640K, reserved 1048576K
}
Event: 3593.550 GC heap after
{Heap after GC invocations=98 (full 0):
 garbage-first heap   total 272384K, used 183201K [0x0000000080000000, 0x0000000100000000)
  region size 1024K, 3 young (3072K), 3 survivors (3072K)
 Metaspace       used 124066K, capacity 127816K, committed 128116K, reserved 1161216K
  class space    used 15220K, capacity 16538K, committed 16640K, reserved 1048576K
}
Event: 4726.733 GC heap before
{Heap before GC invocations=99 (full 0):
 garbage-first heap   total 272384K, used 213921K [0x0000000080000000, 0x0000000100000000)
  region size 1024K, 33 young (33792K), 3 survivors (3072K)
 Metaspace       used 124093K, capacity 127817K, committed 128116K, reserved 1161216K
  class space    used 15220K, capacity 16538K, committed 16640K, reserved 1048576K
}
Event: 4726.738 GC heap after
{Heap after GC invocations=100 (full 0):
 garbage-first heap   total 272384K, used 171999K [0x0000000080000000, 0x0000000100000000)
  region size 1024K, 2 young (2048K), 2 survivors (2048K)
 Metaspace       used 124093K, capacity 127817K, committed 128116K, reserved 1161216K
  class space    used 15220K, capacity 16538K, committed 16640K, reserved 1048576K
}
Event: 4727.135 GC heap before
{Heap before GC invocations=100 (full 0):
 garbage-first heap   total 272384K, used 182239K [0x0000000080000000, 0x0000000100000000)
  region size 1024K, 13 young (13312K), 2 survivors (2048K)
 Metaspace       used 124096K, capacity 127817K, committed 128116K, reserved 1161216K
  class space    used 15220K, capacity 16538K, committed 16640K, reserved 1048576K
}
Event: 4727.145 GC heap after
{Heap after GC invocations=101 (full 0):
 garbage-first heap   total 272384K, used 160198K [0x0000000080000000, 0x0000000100000000)
  region size 1024K, 2 young (2048K), 2 survivors (2048K)
 Metaspace       used 124096K, capacity 127817K, committed 128116K, reserved 1161216K
  class space    used 15220K, capacity 16538K, committed 16640K, reserved 1048576K
}
Event: 4727.672 GC heap before
{Heap before GC invocations=101 (full 0):
 garbage-first heap   total 272384K, used 202182K [0x0000000080000000, 0x0000000100000000)
  region size 1024K, 44 young (45056K), 2 survivors (2048K)
 Metaspace       used 124632K, capacity 128492K, committed 128628K, reserved 1161216K
  class space    used 15282K, capacity 16633K, committed 16640K, reserved 1048576K
}
Event: 4727.684 GC heap after
{Heap after GC invocations=102 (full 0):
 garbage-first heap   total 272384K, used 165178K [0x0000000080000000, 0x0000000100000000)
  region size 1024K, 6 young (6144K), 6 survivors (6144K)
 Metaspace       used 124632K, capacity 128492K, committed 128628K, reserved 1161216K
  class space    used 15282K, capacity 16633K, committed 16640K, reserved 1048576K
}
Event: 4728.568 GC heap before
{Heap before GC invocations=103 (full 0):
 garbage-first heap   total 272384K, used 209210K [0x0000000080000000, 0x0000000100000000)
  region size 1024K, 48 young (49152K), 6 survivors (6144K)
 Metaspace       used 130112K, capacity 133738K, committed 134516K, reserved 1167360K
  class space    used 15942K, capacity 17235K, committed 17408K, reserved 1048576K
}
Event: 4728.583 GC heap after
{Heap after GC invocations=104 (full 0):
 garbage-first heap   total 272384K, used 173325K [0x0000000080000000, 0x0000000100000000)
  region size 1024K, 6 young (6144K), 6 survivors (6144K)
 Metaspace       used 130112K, capacity 133738K, committed 134516K, reserved 1167360K
  class space    used 15942K, capacity 17235K, committed 17408K, reserved 1048576K
}
Event: 4729.033 GC heap before
{Heap before GC invocations=104 (full 0):
 garbage-first heap   total 272384K, used 180493K [0x0000000080000000, 0x0000000100000000)
  region size 1024K, 13 young (13312K), 6 survivors (6144K)
 Metaspace       used 130157K, capacity 133837K, committed 134516K, reserved 1167360K
  class space    used 15944K, capacity 17268K, committed 17408K, reserved 1048576K
}
Event: 4729.045 GC heap after
{Heap after GC invocations=105 (full 0):
 garbage-first heap   total 272384K, used 168432K [0x0000000080000000, 0x0000000100000000)
  region size 1024K, 2 young (2048K), 2 survivors (2048K)
 Metaspace       used 130157K, capacity 133837K, committed 134516K, reserved 1167360K
  class space    used 15944K, capacity 17268K, committed 17408K, reserved 1048576K
}
Event: 4730.089 GC heap before
{Heap before GC invocations=105 (full 0):
 garbage-first heap   total 272384K, used 210416K [0x0000000080000000, 0x0000000100000000)
  region size 1024K, 44 young (45056K), 2 survivors (2048K)
 Metaspace       used 132437K, capacity 136117K, committed 136564K, reserved 1169408K
  class space    used 16219K, capacity 17551K, committed 17664K, reserved 1048576K
}
Event: 4730.099 GC heap after
{Heap after GC invocations=106 (full 0):
 garbage-first heap   total 272384K, used 173713K [0x0000000080000000, 0x0000000100000000)
  region size 1024K, 6 young (6144K), 6 survivors (6144K)
 Metaspace       used 132437K, capacity 136117K, committed 136564K, reserved 1169408K
  class space    used 16219K, capacity 17551K, committed 17664K, reserved 1048576K
}
Event: 4730.957 GC heap before
{Heap before GC invocations=107 (full 0):
 garbage-first heap   total 272384K, used 215696K [0x0000000080000000, 0x0000000100000000)
  region size 1024K, 48 young (49152K), 6 survivors (6144K)
 Metaspace       used 142130K, capacity 146649K, committed 146932K, reserved 1177600K
  class space    used 17782K, capacity 19498K, committed 19584K, reserved 1048576K
}
Event: 4730.966 GC heap after
{Heap after GC invocations=108 (full 0):
 garbage-first heap   total 272384K, used 175357K [0x0000000080000000, 0x0000000100000000)
  region size 1024K, 3 young (3072K), 3 survivors (3072K)
 Metaspace       used 142130K, capacity 146649K, committed 146932K, reserved 1177600K
  class space    used 17782K, capacity 19498K, committed 19584K, reserved 1048576K
}
Event: 4731.346 GC heap before
{Heap before GC invocations=108 (full 0):
 garbage-first heap   total 272384K, used 184573K [0x0000000080000000, 0x0000000100000000)
  region size 1024K, 13 young (13312K), 3 survivors (3072K)
 Metaspace       used 143541K, capacity 148286K, committed 148596K, reserved 1177600K
  class space    used 18044K, capacity 19873K, committed 19968K, reserved 1048576K
}
Event: 4731.360 GC heap after
{Heap after GC invocations=109 (full 0):
 garbage-first heap   total 272384K, used 166191K [0x0000000080000000, 0x0000000100000000)
  region size 1024K, 1 young (1024K), 1 survivors (1024K)
 Metaspace       used 143541K, capacity 148286K, committed 148596K, reserved 1177600K
  class space    used 18044K, capacity 19873K, committed 19968K, reserved 1048576K
}
Event: 4731.612 GC heap before
{Heap before GC invocations=109 (full 0):
 garbage-first heap   total 272384K, used 179503K [0x0000000080000000, 0x0000000100000000)
  region size 1024K, 16 young (16384K), 1 survivors (1024K)
 Metaspace       used 144839K, capacity 149604K, committed 149876K, reserved 1179648K
  class space    used 18351K, capacity 20163K, committed 20224K, reserved 1048576K
}
Event: 4731.619 GC heap after
{Heap after GC invocations=110 (full 0):
 garbage-first heap   total 272384K, used 166602K [0x0000000080000000, 0x0000000100000000)
  region size 1024K, 2 young (2048K), 2 survivors (2048K)
 Metaspace       used 144839K, capacity 149604K, committed 149876K, reserved 1179648K
  class space    used 18351K, capacity 20163K, committed 20224K, reserved 1048576K
}

